<?xml version="1.0" encoding="UTF-8"?>
<!-- Generated by org.testng.reporters.JUnitXMLReporter -->
<testsuite ignored="6" hostname="ShwetaHome" failures="1" tests="1" name="Regression" time="45.452" errors="0" timestamp="2022-10-04T20:04:41 PDT">
  <testcase classname="com.firebase.test.tests.AutomationTest" name="checkRememberMe3" time="36.865">
    <failure type="org.openqa.selenium.TimeoutException" message="Expected condition failed: waiting for visibility of Proxy element for: DefaultElementLocator &amp;apos;By.xpath: //*[@id=&amp;quot;userNav-menuItems&amp;quot;]/a[5]&amp;apos; (tried for 30 second(s) with 500 milliseconds interval)">
      <![CDATA[org.openqa.selenium.TimeoutException: Expected condition failed: waiting for visibility of Proxy element for: DefaultElementLocator 'By.xpath: //*[@id="userNav-menuItems"]/a[5]' (tried for 30 second(s) with 500 milliseconds interval)
at org.openqa.selenium.support.ui.WebDriverWait.timeoutException(WebDriverWait.java:87)
at org.openqa.selenium.support.ui.FluentWait.until(FluentWait.java:231)
at com.firebase.tests.pages.base.BasePage.waitUntilVisible(BasePage.java:106)
at com.firebase.test.homepage.HomePage.logout(HomePage.java:33)
at com.firebase.test.tests.AutomationTest.checkRememberMe3(AutomationTest.java:81)
at java.base/java.util.ArrayList.forEach(ArrayList.java:1511)
Caused by: org.openqa.selenium.NoSuchElementException: no such element: Unable to locate element: {"method":"xpath","selector":"//*[@id="userNav-menuItems"]/a[5]"}
  (Session info: chrome=105.0.5195.127)
For documentation on this error, please visit: https://selenium.dev/exceptions/#no_such_element
Build info: version: '4.4.0', revision: 'e5c75ed026a'
System info: host: 'SHWETAHOME', ip: '192.168.1.23', os.name: 'Windows 11', os.arch: 'amd64', os.version: '10.0', java.version: '18.0.1.1'
Driver info: org.openqa.selenium.chrome.ChromeDriver
Command: [60224ba28ed12352c8b37df1033aad2b, findElement {using=xpath, value=//*[@id="userNav-menuItems"]/a[5]}]
Capabilities {acceptInsecureCerts: false, browserName: chrome, browserVersion: 105.0.5195.127, chrome: {chromedriverVersion: 105.0.5195.52 (412c95e51883..., userDataDir: C:\Users\shwet\AppData\Loca...}, goog:chromeOptions: {debuggerAddress: localhost:58405}, networkConnectionEnabled: false, pageLoadStrategy: normal, platformName: WINDOWS, proxy: Proxy(), se:cdp: ws://localhost:58405/devtoo..., se:cdpVersion: 105.0.5195.127, setWindowRect: true, strictFileInteractability: false, timeouts: {implicit: 0, pageLoad: 300000, script: 30000}, unhandledPromptBehavior: dismiss and notify, webauthn:extension:credBlob: true, webauthn:extension:largeBlob: true, webauthn:virtualAuthenticators: true}
Session ID: 60224ba28ed12352c8b37df1033aad2b
at org.openqa.selenium.remote.codec.w3c.W3CHttpResponseCodec.createException(W3CHttpResponseCodec.java:200)
at org.openqa.selenium.remote.codec.w3c.W3CHttpResponseCodec.decode(W3CHttpResponseCodec.java:133)
at org.openqa.selenium.remote.codec.w3c.W3CHttpResponseCodec.decode(W3CHttpResponseCodec.java:53)
at org.openqa.selenium.remote.HttpCommandExecutor.execute(HttpCommandExecutor.java:184)
at org.openqa.selenium.remote.service.DriverCommandExecutor.invokeExecute(DriverCommandExecutor.java:167)
at org.openqa.selenium.remote.service.DriverCommandExecutor.execute(DriverCommandExecutor.java:142)
at org.openqa.selenium.remote.RemoteWebDriver.execute(RemoteWebDriver.java:547)
at org.openqa.selenium.remote.ElementLocation$ElementFinder$2.findElement(ElementLocation.java:162)
at org.openqa.selenium.remote.ElementLocation.findElement(ElementLocation.java:60)
at org.openqa.selenium.remote.RemoteWebDriver.findElement(RemoteWebDriver.java:365)
at org.openqa.selenium.remote.RemoteWebDriver.findElement(RemoteWebDriver.java:357)
at org.openqa.selenium.support.pagefactory.DefaultElementLocator.findElement(DefaultElementLocator.java:70)
at org.openqa.selenium.support.pagefactory.internal.LocatingElementHandler.invoke(LocatingElementHandler.java:39)
at jdk.proxy2/jdk.proxy2.$Proxy34.isDisplayed(Unknown Source)
at org.openqa.selenium.support.ui.ExpectedConditions.elementIfVisible(ExpectedConditions.java:307)
at org.openqa.selenium.support.ui.ExpectedConditions.access$000(ExpectedConditions.java:40)
at org.openqa.selenium.support.ui.ExpectedConditions$10.apply(ExpectedConditions.java:293)
at org.openqa.selenium.support.ui.ExpectedConditions$10.apply(ExpectedConditions.java:290)
at org.openqa.selenium.support.ui.FluentWait.until(FluentWait.java:208)
... 29 more
... Removed 28 stack frames]]>
    </failure>
  </testcase> <!-- checkRememberMe3 -->
  <testcase classname="com.firebase.test.tests.AutomationTest" name="loginToSalesforce1" time="0.0">
    <ignored/>
  </testcase> <!-- loginToSalesforce1 -->
  <testcase classname="com.firebase.test.tests.AutomationTest" name="loginErrorMessage" time="0.0">
    <ignored/>
  </testcase> <!-- loginErrorMessage -->
  <testcase classname="com.firebase.test.tests.AutomationTest" name="loginSalesforce1" time="0.0">
    <ignored/>
  </testcase> <!-- loginSalesforce1 -->
  <testcase classname="com.firebase.test.tests.AutomationTest" name="ForgotPassword4A" time="0.0">
    <ignored/>
  </testcase> <!-- ForgotPassword4A -->
  <testcase classname="com.firebase.test.tests.AutomationTest" name="ForgotPassword4B" time="0.0">
    <ignored/>
  </testcase> <!-- ForgotPassword4B -->
  <testcase classname="com.firebase.test.tests.AutomationTest" name="chromeTC05" time="0.0">
    <ignored/>
  </testcase> <!-- chromeTC05 -->
</testsuite> <!-- Regression -->
